
Mar 01, 2024 15:56:47.17 NEW SESSION
Mar 01, 2024 15:56:47.19 [19196:22396:0301/155647.167:ERROR:policy_logger.cc(157)] :components\enterprise\browser\controller\chrome_browser_cloud_management_controller.cc(161) Cloud management controller initialization aborted as CBCM is not enabled. Please use the `--enable-chrome-browser-cloud-management` command line flag to enable it if you are not using the official Google Chrome build.
Mar 01, 2024 15:56:53.06 [19196:22396:0301/155653.068:ERROR:fallback_task_provider.cc(126)] Every renderer should have at least one task provided by a primary task provider. If a "Renderer" fallback task is shown, it is a bug. If you have repro steps, please file a new bug and tag it as a dependency of crbug.com/739782.
Mar 01, 2024 15:56:53.11 [19196:22396:0301/155653.113:ERROR:fallback_task_provider.cc(126)] Every renderer should have at least one task provided by a primary task provider. If a "Renderer" fallback task is shown, it is a bug. If you have repro steps, please file a new bug and tag it as a dependency of crbug.com/739782.
Mar 01, 2024 15:56:54.14 [19196:22396:0301/155654.147:ERROR:extension_util.cc(459)] All good, returning true
Mar 01, 2024 15:56:58.08 [19196:22396:0301/155658.083:ERROR:CONSOLE(2)] "Blocked autofocusing on a <cib-action-bar> element in a cross-origin subframe.", source: https://edgeservices.bing.com/rp/bv1BjsnUXnMc-Ei3W1LPthJOdzs.br.js (2)
Mar 01, 2024 15:56:58.14 [19196:22396:0301/155658.147:ERROR:CONSOLE(2)] "Blocked autofocusing on a <textarea> element in a cross-origin subframe.", source: https://edgeservices.bing.com/rp/bv1BjsnUXnMc-Ei3W1LPthJOdzs.br.js (2)
Mar 01, 2024 15:57:20.63 [19196:22396:0301/155720.630:ERROR:CONSOLE(2)] "Blocked autofocusing on a <cib-action-bar> element in a cross-origin subframe.", source: https://edgeservices.bing.com/rp/bv1BjsnUXnMc-Ei3W1LPthJOdzs.br.js (2)
Mar 01, 2024 15:57:20.73 [19196:22396:0301/155720.654:ERROR:CONSOLE(2)] "Blocked autofocusing on a <textarea> element in a cross-origin subframe.", source: https://edgeservices.bing.com/rp/bv1BjsnUXnMc-Ei3W1LPthJOdzs.br.js (2)
Mar 01, 2024 16:06:28.52 [19196:22396:0301/160628.520:ERROR:fallback_task_provider.cc(126)] Every renderer should have at least one task provided by a primary task provider. If a "Renderer" fallback task is shown, it is a bug. If you have repro steps, please file a new bug and tag it as a dependency of crbug.com/739782.
Mar 01, 2024 16:33:49.50 [19196:22396:0301/163349.504:ERROR:fallback_task_provider.cc(126)] Every renderer should have at least one task provided by a primary task provider. If a "Renderer" fallback task is shown, it is a bug. If you have repro steps, please file a new bug and tag it as a dependency of crbug.com/739782.
Mar 01, 2024 16:36:21.67 [19196:22396:0301/163621.677:ERROR:fallback_task_provider.cc(126)] Every renderer should have at least one task provided by a primary task provider. If a "Renderer" fallback task is shown, it is a bug. If you have repro steps, please file a new bug and tag it as a dependency of crbug.com/739782.
Mar 01, 2024 17:02:35.39 [19196:22396:0301/170235.397:ERROR:fallback_task_provider.cc(126)] Every renderer should have at least one task provided by a primary task provider. If a "Renderer" fallback task is shown, it is a bug. If you have repro steps, please file a new bug and tag it as a dependency of crbug.com/739782.
Mar 01, 2024 17:02:41.90 [19196:22396:0301/170241.900:ERROR:fallback_task_provider.cc(126)] Every renderer should have at least one task provided by a primary task provider. If a "Renderer" fallback task is shown, it is a bug. If you have repro steps, please file a new bug and tag it as a dependency of crbug.com/739782.

Mar 01, 2024 21:42:43.75 NEW SESSION
Mar 01, 2024 21:42:43.75 [13632:2840:0301/214243.753:ERROR:policy_logger.cc(157)] :components\enterprise\browser\controller\chrome_browser_cloud_management_controller.cc(161) Cloud management controller initialization aborted as CBCM is not enabled. Please use the `--enable-chrome-browser-cloud-management` command line flag to enable it if you are not using the official Google Chrome build.
Mar 01, 2024 21:42:50.28 [13632:2840:0301/214250.287:ERROR:CONSOLE(2)] "Blocked autofocusing on a <cib-action-bar> element in a cross-origin subframe.", source: https://edgeservices.bing.com/rp/bv1BjsnUXnMc-Ei3W1LPthJOdzs.br.js (2)
Mar 01, 2024 21:42:50.32 [13632:2840:0301/214250.323:ERROR:CONSOLE(2)] "Blocked autofocusing on a <textarea> element in a cross-origin subframe.", source: https://edgeservices.bing.com/rp/bv1BjsnUXnMc-Ei3W1LPthJOdzs.br.js (2)
Mar 01, 2024 21:43:16.18 [13632:2840:0301/214316.180:ERROR:CONSOLE(2)] "Blocked autofocusing on a <cib-action-bar> element in a cross-origin subframe.", source: https://edgeservices.bing.com/rp/bv1BjsnUXnMc-Ei3W1LPthJOdzs.br.js (2)
Mar 01, 2024 21:43:16.19 [13632:2840:0301/214316.198:ERROR:CONSOLE(2)] "Blocked autofocusing on a <textarea> element in a cross-origin subframe.", source: https://edgeservices.bing.com/rp/bv1BjsnUXnMc-Ei3W1LPthJOdzs.br.js (2)
Mar 01, 2024 22:03:58.63 [13632:2840:0301/220358.635:ERROR:fallback_task_provider.cc(126)] Every renderer should have at least one task provided by a primary task provider. If a "Renderer" fallback task is shown, it is a bug. If you have repro steps, please file a new bug and tag it as a dependency of crbug.com/739782.
